<?xml version="1.0" encoding="UTF-8"?>
<testsuite name="MWPR_03_RegFailed" tests="1" skipped="0" failures="0" errors="0" timestamp="2021-07-29T14:12:48" hostname="VeresLaszlo-PC" time="4.092">
  <properties/>
  <testcase name="failedRegistration()" classname="MWPR_03_RegFailed" time="4.092"/>
  <system-out><![CDATA[]]></system-out>
  <system-err><![CDATA[1627567959763	geckodriver	INFO	Listening on 127.0.0.1:18136
1627567960211	mozrunner::runner	INFO	Running command: "C:\\Program Files (x86)\\Mozilla Firefox\\firefox.exe" "--marionette" "-foreground" "-no-remote" "-profile" "C:\\Users\\DN\\AppData\\Local\\Temp\\rust_mozprofilelZKkOm"
1627567960786	Marionette	INFO	Marionette enabled
console.warn: SearchSettings: "get: No settings file exists, new profile?" (new NotFoundError("Could not open the file at C:\\Users\\DN\\AppData\\Local\\Temp\\rust_mozprofilelZKkOm\\search.json.mozlz4", (void 0)))
1627567965249	Marionette	INFO	Listening on port 54610
1627567965510	Marionette	WARN	TLS certificate errors will be ignored for this session
júl. 29, 2021 4:12:45 DU. org.openqa.selenium.remote.ProtocolHandshake createSession
INFO: Detected dialect: W3C
1627567971253	Marionette	INFO	Stopped listening on port 54610
]]></system-err>
</testsuite>
