<?xml version="1.0" encoding="UTF-8"?>
<testsuite name="MWPR_02_LoginFailed" tests="1" skipped="0" failures="0" errors="0" timestamp="2021-07-29T14:12:36" hostname="VeresLaszlo-PC" time="3.147">
  <properties/>
  <testcase name="failedLogin()" classname="MWPR_02_LoginFailed" time="3.147"/>
  <system-out><![CDATA[]]></system-out>
  <system-err><![CDATA[1627567947815	geckodriver	INFO	Listening on 127.0.0.1:32441
1627567948275	mozrunner::runner	INFO	Running command: "C:\\Program Files (x86)\\Mozilla Firefox\\firefox.exe" "--marionette" "-foreground" "-no-remote" "-profile" "C:\\Users\\DN\\AppData\\Local\\Temp\\rust_mozprofileBe1fr5"
1627567948860	Marionette	INFO	Marionette enabled
console.warn: SearchSettings: "get: No settings file exists, new profile?" (new NotFoundError("Could not open the file at C:\\Users\\DN\\AppData\\Local\\Temp\\rust_mozprofileBe1fr5\\search.json.mozlz4", (void 0)))
1627567953734	Marionette	INFO	Listening on port 54560
1627567953880	Marionette	WARN	TLS certificate errors will be ignored for this session
júl. 29, 2021 4:12:33 DU. org.openqa.selenium.remote.ProtocolHandshake createSession
INFO: Detected dialect: W3C
1627567958124	Marionette	INFO	Stopped listening on port 54560

###!!! [Child][RunMessage] Error: Channel closing: too late to send/recv, messages will be lost


###!!! [Child][RunMessage] Error: Channel closing: too late to send/recv, messages will be lost

]]></system-err>
</testsuite>
