<?xml version="1.0" encoding="UTF-8"?>
<testsuite name="MWPR_05_DataListing" tests="1" skipped="0" failures="0" errors="0" timestamp="2021-07-29T14:13:16" hostname="VeresLaszlo-PC" time="3.865">
  <properties/>
  <testcase name="listingAccessoriesFromLowToHighPrice()" classname="MWPR_05_DataListing" time="3.865"/>
  <system-out><![CDATA[]]></system-out>
  <system-err><![CDATA[1627567987369	geckodriver	INFO	Listening on 127.0.0.1:3494
1627567987841	mozrunner::runner	INFO	Running command: "C:\\Program Files (x86)\\Mozilla Firefox\\firefox.exe" "--marionette" "-foreground" "-no-remote" "-profile" "C:\\Users\\DN\\AppData\\Local\\Temp\\rust_mozprofile3OtbiX"
1627567988418	Marionette	INFO	Marionette enabled
console.warn: SearchSettings: "get: No settings file exists, new profile?" (new NotFoundError("Could not open the file at C:\\Users\\DN\\AppData\\Local\\Temp\\rust_mozprofile3OtbiX\\search.json.mozlz4", (void 0)))
1627567993004	Marionette	INFO	Listening on port 54712
1627567993325	Marionette	WARN	TLS certificate errors will be ignored for this session
júl. 29, 2021 4:13:13 DU. org.openqa.selenium.remote.ProtocolHandshake createSession
INFO: Detected dialect: W3C
1627567998687	Marionette	INFO	Stopped listening on port 54712
]]></system-err>
</testsuite>
