<?xml version="1.0" encoding="UTF-8"?>
<testsuite name="MWPR_04_RegSuccess" tests="1" skipped="0" failures="0" errors="0" timestamp="2021-07-29T14:13:01" hostname="VeresLaszlo-PC" time="5.595">
  <properties/>
  <testcase name="successfulRegistration()" classname="MWPR_04_RegSuccess" time="5.595"/>
  <system-out><![CDATA[]]></system-out>
  <system-err><![CDATA[1627567972718	geckodriver	INFO	Listening on 127.0.0.1:15740
1627567973218	mozrunner::runner	INFO	Running command: "C:\\Program Files (x86)\\Mozilla Firefox\\firefox.exe" "--marionette" "-foreground" "-no-remote" "-profile" "C:\\Users\\DN\\AppData\\Local\\Temp\\rust_mozprofile5fD2Wt"
1627567973739	Marionette	INFO	Marionette enabled
console.warn: SearchSettings: "get: No settings file exists, new profile?" (new NotFoundError("Could not open the file at C:\\Users\\DN\\AppData\\Local\\Temp\\rust_mozprofile5fD2Wt\\search.json.mozlz4", (void 0)))
1627567978574	Marionette	INFO	Listening on port 54660
1627567978966	Marionette	WARN	TLS certificate errors will be ignored for this session
júl. 29, 2021 4:12:58 DU. org.openqa.selenium.remote.ProtocolHandshake createSession
INFO: Detected dialect: W3C
1627567985966	Marionette	INFO	Stopped listening on port 54660

###!!! [Child][MessageChannel] Error: (msgtype=0x590008,name=PHttpChannel::Msg_DeletingChannel) Channel closing: too late to send/recv, messages will be lost

]]></system-err>
</testsuite>
