<?xml version="1.0" encoding="UTF-8"?>
<testsuite name="MWPR_12_LogOutSuccess" tests="1" skipped="0" failures="0" errors="0" timestamp="2021-07-29T14:14:56" hostname="VeresLaszlo-PC" time="4.355">
  <properties/>
  <testcase name="logOutSuccessful()" classname="MWPR_12_LogOutSuccess" time="4.355"/>
  <system-out><![CDATA[]]></system-out>
  <system-err><![CDATA[1627568087474	geckodriver	INFO	Listening on 127.0.0.1:29886
1627568087974	mozrunner::runner	INFO	Running command: "C:\\Program Files (x86)\\Mozilla Firefox\\firefox.exe" "--marionette" "-foreground" "-no-remote" "-profile" "C:\\Users\\DN\\AppData\\Local\\Temp\\rust_mozprofilepjSNKF"
1627568088522	Marionette	INFO	Marionette enabled
console.warn: SearchSettings: "get: No settings file exists, new profile?" (new NotFoundError("Could not open the file at C:\\Users\\DN\\AppData\\Local\\Temp\\rust_mozprofilepjSNKF\\search.json.mozlz4", (void 0)))
1627568093149	Marionette	INFO	Listening on port 55078
1627568093621	Marionette	WARN	TLS certificate errors will be ignored for this session
júl. 29, 2021 4:14:53 DU. org.openqa.selenium.remote.ProtocolHandshake createSession
INFO: Detected dialect: W3C
1627568099554	Marionette	INFO	Stopped listening on port 55078
JavaScript error: resource:///modules/FaviconLoader.jsm, line 596: InvalidStateError: JSWindowActorChild.sendAsyncMessage: JSWindowActorChild cannot send at the moment
]]></system-err>
</testsuite>
