<?xml version="1.0" encoding="UTF-8"?>
<testsuite name="MWPR_08_DataSavingFromCSV" tests="1" skipped="0" failures="0" errors="0" timestamp="2021-07-29T14:13:57" hostname="VeresLaszlo-PC" time="5.371">
  <properties/>
  <testcase name="saveAddress(String, String, String)[1]" classname="MWPR_08_DataSavingFromCSV" time="5.371"/>
  <system-out><![CDATA[]]></system-out>
  <system-err><![CDATA[1627568028686	geckodriver	INFO	Listening on 127.0.0.1:41371
1627568029156	mozrunner::runner	INFO	Running command: "C:\\Program Files (x86)\\Mozilla Firefox\\firefox.exe" "--marionette" "-foreground" "-no-remote" "-profile" "C:\\Users\\DN\\AppData\\Local\\Temp\\rust_mozprofilekRuTuv"
1627568029727	Marionette	INFO	Marionette enabled
console.warn: SearchSettings: "get: No settings file exists, new profile?" (new NotFoundError("Could not open the file at C:\\Users\\DN\\AppData\\Local\\Temp\\rust_mozprofilekRuTuv\\search.json.mozlz4", (void 0)))
1627568034636	Marionette	INFO	Listening on port 54867
1627568034902	Marionette	WARN	TLS certificate errors will be ignored for this session
júl. 29, 2021 4:13:54 DU. org.openqa.selenium.remote.ProtocolHandshake createSession
INFO: Detected dialect: W3C
1627568041718	Marionette	INFO	Stopped listening on port 54867
[Parent 6996, IPC I/O Parent] WARNING: pipe error: 232: file /builds/worker/checkouts/gecko/ipc/chromium/src/chrome/common/ipc_channel_win.cc:544
]]></system-err>
</testsuite>
