<?xml version="1.0" encoding="UTF-8"?>
<testsuite name="MWPR_07_DataSaving" tests="1" skipped="0" failures="0" errors="0" timestamp="2021-07-29T14:13:41" hostname="VeresLaszlo-PC" time="7.101">
  <properties/>
  <testcase name="saveProductInCart()" classname="MWPR_07_DataSaving" time="7.101"/>
  <system-out><![CDATA[]]></system-out>
  <system-err><![CDATA[1627568012869	geckodriver	INFO	Listening on 127.0.0.1:44006
1627568013332	mozrunner::runner	INFO	Running command: "C:\\Program Files (x86)\\Mozilla Firefox\\firefox.exe" "--marionette" "-foreground" "-no-remote" "-profile" "C:\\Users\\DN\\AppData\\Local\\Temp\\rust_mozprofileHkcfCr"
1627568013951	Marionette	INFO	Marionette enabled
console.warn: SearchSettings: "get: No settings file exists, new profile?" (new NotFoundError("Could not open the file at C:\\Users\\DN\\AppData\\Local\\Temp\\rust_mozprofileHkcfCr\\search.json.mozlz4", (void 0)))
1627568018939	Marionette	INFO	Listening on port 54815
1627568018997	Marionette	WARN	TLS certificate errors will be ignored for this session
júl. 29, 2021 4:13:39 DU. org.openqa.selenium.remote.ProtocolHandshake createSession
INFO: Detected dialect: W3C
1627568027287	Marionette	INFO	Stopped listening on port 54815

###!!! [Child][MessageChannel] Error: (msgtype=0x590007,name=PHttpChannel::Msg_RemoveCorsPreflightCacheEntry) Channel closing: too late to send/recv, messages will be lost


###!!! [Child][MessageChannel] Error: (msgtype=0x590008,name=PHttpChannel::Msg_DeletingChannel) Channel closing: too late to send/recv, messages will be lost


###!!! [Child][MessageChannel] Error: (msgtype=0x590008,name=PHttpChannel::Msg_DeletingChannel) Channel closing: too late to send/recv, messages will be lost

]]></system-err>
</testsuite>
