<?xml version="1.0" encoding="UTF-8"?>
<testsuite name="MWPR_01_LoginSuccess" tests="1" skipped="0" failures="0" errors="0" timestamp="2021-07-29T14:12:24" hostname="VeresLaszlo-PC" time="3.506">
  <properties/>
  <testcase name="successfulLogin()" classname="MWPR_01_LoginSuccess" time="3.506"/>
  <system-out><![CDATA[]]></system-out>
  <system-err><![CDATA[SLF4J: Failed to load class "org.slf4j.impl.StaticLoggerBinder".
SLF4J: Defaulting to no-operation (NOP) logger implementation
SLF4J: See http://www.slf4j.org/codes.html#StaticLoggerBinder for further details.
1627567933566	geckodriver	INFO	Listening on 127.0.0.1:47156
1627567934388	mozrunner::runner	INFO	Running command: "C:\\Program Files (x86)\\Mozilla Firefox\\firefox.exe" "--marionette" "-foreground" "-no-remote" "-profile" "C:\\Users\\DN\\AppData\\Local\\Temp\\rust_mozprofilerVIEgi"
1627567935006	Marionette	INFO	Marionette enabled
console.warn: SearchSettings: "get: No settings file exists, new profile?" (new NotFoundError("Could not open the file at C:\\Users\\DN\\AppData\\Local\\Temp\\rust_mozprofilerVIEgi\\search.json.mozlz4", (void 0)))
1627567940770	Marionette	INFO	Listening on port 54509
1627567941204	Marionette	WARN	TLS certificate errors will be ignored for this session
júl. 29, 2021 4:12:21 DU. org.openqa.selenium.remote.ProtocolHandshake createSession
INFO: Detected dialect: W3C
1627567946344	Marionette	INFO	Stopped listening on port 54509
[Parent 8156, IPC I/O Parent] WARNING: file /builds/worker/checkouts/gecko/ipc/chromium/src/base/process_util_win.cc:167
[Parent 8156, IPC I/O Parent] WARNING: file /builds/worker/checkouts/gecko/ipc/chromium/src/base/process_util_win.cc:167

###!!! [Child][RunMessage] Error: Channel closing: too late to send/recv, messages will be lost

]]></system-err>
</testsuite>
